Arguments: 
  /home/luis/.nvm/versions/node/v18.18.2/bin/node /usr/bin/yarn add -D @babel/runtime/regenerator

PATH: 
  /home/luis/.nvm/versions/node/v18.18.2/bin:/home/luis/.local/bin:/usr/local/sbin:/usr/local/bin:/usr/sbin:/usr/bin:/sbin:/bin:/usr/games:/usr/local/games:/snap/bin:/usr/local/go/bin:/usr/share/code/bin:/home/luis/.local/bin:/home/luis/.local/bin:/home/luis/Android/Sdk/emulator:/home/luis/Android/Sdk/platform-tools

Yarn version: 
  1.22.10

Node version: 
  18.18.2

Platform: 
  linux x64

Trace: 
  Error: https://registry.yarnpkg.com/@babel%2fruntime/regenerator: Request "https://registry.yarnpkg.com/@babel%2fruntime/regenerator" returned a 405
      at params.callback [as _callback] (/usr/lib/node_modules/yarn/lib/cli.js:66997:18)
      at self.callback (/usr/lib/node_modules/yarn/lib/cli.js:140662:22)
      at Request.emit (node:events:517:28)
      at Request.<anonymous> (/usr/lib/node_modules/yarn/lib/cli.js:141634:10)
      at Request.emit (node:events:517:28)
      at IncomingMessage.<anonymous> (/usr/lib/node_modules/yarn/lib/cli.js:141556:12)
      at Object.onceWrapper (node:events:631:28)
      at IncomingMessage.emit (node:events:529:35)
      at endReadableNT (node:internal/streams/readable:1368:12)
      at process.processTicksAndRejections (node:internal/process/task_queues:82:21)

npm manifest: 
  {
      "name": "luisfelipesdn12-personal-site",
      "version": "1.0.0",
      "description": "My personal website",
      "repository": "git@github.com:luisfelipesdn12/luisfelipesdn12-personal-site.git",
      "author": "Luis Felipe <luisfelipesdn12@gmail.com>",
      "license": "MIT",
      "private": false,
      "scripts": {
          "dev": "next",
          "build": "next build",
          "start": "next start",
          "lint": "yarn prettier --check --ignore-unknown ./pages/** ./src/**",
          "lint:fix": "yarn prettier --write --ignore-unknown ./pages/** ./src/**"
      },
      "dependencies": {
          "babel-plugin-styled-components": "^2.1.4",
          "next": "^14.0.1",
          "next-dark-mode": "^3.0.0",
          "react": "^18.2.0",
          "react-dom": "^18.2.0",
          "styled-components": "^6.1.0"
      },
      "devDependencies": {
          "@types/node": "^20.8.10",
          "@types/react": "^18.2.33",
          "@types/styled-components": "^5.1.29",
          "prettier": "^2.3.0",
          "typescript": "^5.2.2"
      },
      "engines": {
          "node": "18.x"
      }
  }

yarn manifest: 
  No manifest

Lockfile: 
  # THIS IS AN AUTOGENERATED FILE. DO NOT EDIT THIS FILE DIRECTLY.
  # yarn lockfile v1
  
  
  "@assortment/darkmodejs@^1.2.1":
    version "1.2.1"
    resolved "https://registry.yarnpkg.com/@assortment/darkmodejs/-/darkmodejs-1.2.1.tgz#b021f6d2c5b19d22115bbbc81711adb52322e066"
    integrity sha512-kP8ZJKG4BluaYSAwsM3u6s4Zoa2NjUaQbKDBefhpYTyWuGxc+OeNvndsVZz4CIvCcUAMXbu9FX9HeKptfoMkOg==
  
  "@babel/helper-annotate-as-pure@^7.22.5":
    version "7.22.5"
    resolved "https://registry.yarnpkg.com/@babel/helper-annotate-as-pure/-/helper-annotate-as-pure-7.22.5.tgz#e7f06737b197d580a01edf75d97e2c8be99d3882"
    integrity sha512-LvBTxu8bQSQkcyKOU+a1btnNFQ1dMAd0R6PyW3arXes06F6QLWLIrd681bxRPIXlrMGR3XYnW9JyML7dP3qgxg==
    dependencies:
      "@babel/types" "^7.22.5"
  
  "@babel/helper-module-imports@^7.22.5":
    version "7.22.15"
    resolved "https://registry.yarnpkg.com/@babel/helper-module-imports/-/helper-module-imports-7.22.15.tgz#16146307acdc40cc00c3b2c647713076464bdbf0"
    integrity sha512-0pYVBnDKZO2fnSPCrgM/6WMc7eS20Fbok+0r88fp+YtWVLZrp4CkafFGIp+W0VKw4a22sgebPT99y+FDNMdP4w==
    dependencies:
      "@babel/types" "^7.22.15"
  
  "@babel/helper-plugin-utils@^7.22.5":
    version "7.22.5"
    resolved "https://registry.yarnpkg.com/@babel/helper-plugin-utils/-/helper-plugin-utils-7.22.5.tgz#dd7ee3735e8a313b9f7b05a773d892e88e6d7295"
    integrity sha512-uLls06UVKgFG9QD4OeFYLEGteMIAa5kpTPcFL28yuCIIzsf6ZyKZMllKVOCZFhiZ5ptnwX4mtKdWCBE/uT4amg==
  
  "@babel/helper-string-parser@^7.22.5":
    version "7.22.5"
    resolved "https://registry.yarnpkg.com/@babel/helper-string-parser/-/helper-string-parser-7.22.5.tgz#533f36457a25814cf1df6488523ad547d784a99f"
    integrity sha512-mM4COjgZox8U+JcXQwPijIZLElkgEpO5rsERVDJTc2qfCDfERyob6k5WegS14SX18IIjv+XD+GrqNumY5JRCDw==
  
  "@babel/helper-validator-identifier@^7.22.20":
    version "7.22.20"
    resolved "https://registry.yarnpkg.com/@babel/helper-validator-identifier/-/helper-validator-identifier-7.22.20.tgz#c4ae002c61d2879e724581d96665583dbc1dc0e0"
    integrity sha512-Y4OZ+ytlatR8AI+8KZfKuL5urKp7qey08ha31L8b3BwewJAoJamTzyvxPR/5D+KkdJCGPq/+8TukHBlY10FX9A==
  
  "@babel/plugin-syntax-jsx@^7.22.5":
    version "7.22.5"
    resolved "https://registry.yarnpkg.com/@babel/plugin-syntax-jsx/-/plugin-syntax-jsx-7.22.5.tgz#a6b68e84fb76e759fc3b93e901876ffabbe1d918"
    integrity sha512-gvyP4hZrgrs/wWMaocvxZ44Hw0b3W8Pe+cMxc8V1ULQ07oh8VNbIRaoD1LRZVTvD+0nieDKjfgKg89sD7rrKrg==
    dependencies:
      "@babel/helper-plugin-utils" "^7.22.5"
  
  "@babel/types@^7.22.15", "@babel/types@^7.22.5":
    version "7.23.0"
    resolved "https://registry.yarnpkg.com/@babel/types/-/types-7.23.0.tgz#8c1f020c9df0e737e4e247c0619f58c68458aaeb"
    integrity sha512-0oIyUfKoI3mSqMvsxBdclDwxXKXAUA8v/apZbc+iSyARYou1o8ZGDxbUYyLFoW2arqS2jDGqJuZvv1d/io1axg==
    dependencies:
      "@babel/helper-string-parser" "^7.22.5"
      "@babel/helper-validator-identifier" "^7.22.20"
      to-fast-properties "^2.0.0"
  
  "@emotion/is-prop-valid@^1.2.1":
    version "1.2.1"
    resolved "https://registry.yarnpkg.com/@emotion/is-prop-valid/-/is-prop-valid-1.2.1.tgz#23116cf1ed18bfeac910ec6436561ecb1a3885cc"
    integrity sha512-61Mf7Ufx4aDxx1xlDeOm8aFFigGHE4z+0sKCa+IHCeZKiyP9RLD0Mmx7m8b9/Cf37f7NAvQOOJAbQQGVr5uERw==
    dependencies:
      "@emotion/memoize" "^0.8.1"
  
  "@emotion/memoize@^0.8.1":
    version "0.8.1"
    resolved "https://registry.yarnpkg.com/@emotion/memoize/-/memoize-0.8.1.tgz#c1ddb040429c6d21d38cc945fe75c818cfb68e17"
    integrity sha512-W2P2c/VRW1/1tLox0mVUalvnWXxavmv/Oum2aPsRcoDJuob75FC3Y8FbpfLwUegRcxINtGUMPq0tFCvYNTBXNA==
  
  "@emotion/unitless@^0.8.0":
    version "0.8.1"
    resolved "https://registry.yarnpkg.com/@emotion/unitless/-/unitless-0.8.1.tgz#182b5a4704ef8ad91bde93f7a860a88fd92c79a3"
    integrity sha512-KOEGMu6dmJZtpadb476IsZBclKvILjopjUii3V+7MnXIQCYh8W3NgNcgwo21n9LXZX6EDIKvqfjYxXebDwxKmQ==
  
  "@next/env@14.0.1":
    version "14.0.1"
    resolved "https://registry.yarnpkg.com/@next/env/-/env-14.0.1.tgz#7d03c9042c205a320aef2ea3f83c2d16b6825563"
    integrity sha512-Ms8ZswqY65/YfcjrlcIwMPD7Rg/dVjdLapMcSHG26W6O67EJDF435ShW4H4LXi1xKO1oRc97tLXUpx8jpLe86A==
  
  "@next/swc-darwin-arm64@14.0.1":
    version "14.0.1"
    resolved "https://registry.yarnpkg.com/@next/swc-darwin-arm64/-/swc-darwin-arm64-14.0.1.tgz#75a5f872c4077ecd536d7496bc24f3d312d5dcd0"
    integrity sha512-JyxnGCS4qT67hdOKQ0CkgFTp+PXub5W1wsGvIq98TNbF3YEIN7iDekYhYsZzc8Ov0pWEsghQt+tANdidITCLaw==
  
  "@next/swc-darwin-x64@14.0.1":
    version "14.0.1"
    resolved "https://registry.yarnpkg.com/@next/swc-darwin-x64/-/swc-darwin-x64-14.0.1.tgz#7d8498fc680cc8b4d5181bee336818c63779bc5e"
    integrity sha512-625Z7bb5AyIzswF9hvfZWa+HTwFZw+Jn3lOBNZB87lUS0iuCYDHqk3ujuHCkiyPtSC0xFBtYDLcrZ11mF/ap3w==
  
  "@next/swc-linux-arm64-gnu@14.0.1":
    version "14.0.1"
    resolved "https://registry.yarnpkg.com/@next/swc-linux-arm64-gnu/-/swc-linux-arm64-gnu-14.0.1.tgz#184286794e67bed192de7dbb10d7f040c996f965"
    integrity sha512-iVpn3KG3DprFXzVHM09kvb//4CNNXBQ9NB/pTm8LO+vnnnaObnzFdS5KM+w1okwa32xH0g8EvZIhoB3fI3mS1g==
  
  "@next/swc-linux-arm64-musl@14.0.1":
    version "14.0.1"
    resolved "https://registry.yarnpkg.com/@next/swc-linux-arm64-musl/-/swc-linux-arm64-musl-14.0.1.tgz#e8121b860ebc97a8d2a9113e5a42878430e749d5"
    integrity sha512-mVsGyMxTLWZXyD5sen6kGOTYVOO67lZjLApIj/JsTEEohDDt1im2nkspzfV5MvhfS7diDw6Rp/xvAQaWZTv1Ww==
  
  "@next/swc-linux-x64-gnu@14.0.1":
    version "14.0.1"
    resolved "https://registry.yarnpkg.com/@next/swc-linux-x64-gnu/-/swc-linux-x64-gnu-14.0.1.tgz#cdc4276b11a10c892fd1cb7dd31e024064db9c3b"
    integrity sha512-wMqf90uDWN001NqCM/auRl3+qVVeKfjJdT9XW+RMIOf+rhUzadmYJu++tp2y+hUbb6GTRhT+VjQzcgg/QTD9NQ==
  
  "@next/swc-linux-x64-musl@14.0.1":
    version "14.0.1"
    resolved "https://registry.yarnpkg.com/@next/swc-linux-x64-musl/-/swc-linux-x64-musl-14.0.1.tgz#4a194a484ceb34fd370e8d1af571493859fb2542"
    integrity sha512-ol1X1e24w4j4QwdeNjfX0f+Nza25n+ymY0T2frTyalVczUmzkVD7QGgPTZMHfR1aLrO69hBs0G3QBYaj22J5GQ==
  
  "@next/swc-win32-arm64-msvc@14.0.1":
    version "14.0.1"
    resolved "https://registry.yarnpkg.com/@next/swc-win32-arm64-msvc/-/swc-win32-arm64-msvc-14.0.1.tgz#71923debee50f98ef166b28cdb3ad7e7463e6598"
    integrity sha512-WEmTEeWs6yRUEnUlahTgvZteh5RJc4sEjCQIodJlZZ5/VJwVP8p2L7l6VhzQhT4h7KvLx/Ed4UViBdne6zpIsw==
  
  "@next/swc-win32-ia32-msvc@14.0.1":
    version "14.0.1"
    resolved "https://registry.yarnpkg.com/@next/swc-win32-ia32-msvc/-/swc-win32-ia32-msvc-14.0.1.tgz#b8f46da899c279fd65db76f0951849290c480ef9"
    integrity sha512-oFpHphN4ygAgZUKjzga7SoH2VGbEJXZa/KL8bHCAwCjDWle6R1SpiGOdUdA8EJ9YsG1TYWpzY6FTbUA+iAJeww==
  
  "@next/swc-win32-x64-msvc@14.0.1":
    version "14.0.1"
    resolved "https://registry.yarnpkg.com/@next/swc-win32-x64-msvc/-/swc-win32-x64-msvc-14.0.1.tgz#be3dd8b3729ec51c99ff04b51e2b235756d02b6e"
    integrity sha512-FFp3nOJ/5qSpeWT0BZQ+YE1pSMk4IMpkME/1DwKBwhg4mJLB9L+6EXuJi4JEwaJdl5iN+UUlmUD3IsR1kx5fAg==
  
  "@swc/helpers@0.5.2":
    version "0.5.2"
    resolved "https://registry.yarnpkg.com/@swc/helpers/-/helpers-0.5.2.tgz#85ea0c76450b61ad7d10a37050289eded783c27d"
    integrity sha512-E4KcWTpoLHqwPHLxidpOqQbcrZVgi0rsmmZXUle1jXmJfuIf/UWpczUJ7MZZ5tlxytgJXyp0w4PGkkeLiuIdZw==
    dependencies:
      tslib "^2.4.0"
  
  "@types/hoist-non-react-statics@*":
    version "3.3.4"
    resolved "https://registry.yarnpkg.com/@types/hoist-non-react-statics/-/hoist-non-react-statics-3.3.4.tgz#cc477ce0283bb9d19ea0cbfa2941fe2c8493a1be"
    integrity sha512-ZchYkbieA+7tnxwX/SCBySx9WwvWR8TaP5tb2jRAzwvLb/rWchGw3v0w3pqUbUvj0GCwW2Xz/AVPSk6kUGctXQ==
    dependencies:
      "@types/react" "*"
      hoist-non-react-statics "^3.3.0"
  
  "@types/node@^20.8.10":
    version "20.8.10"
    resolved "https://registry.yarnpkg.com/@types/node/-/node-20.8.10.tgz#a5448b895c753ae929c26ce85cab557c6d4a365e"
    integrity sha512-TlgT8JntpcbmKUFzjhsyhGfP2fsiz1Mv56im6enJ905xG1DAYesxJaeSbGqQmAw8OWPdhyJGhGSQGKRNJ45u9w==
    dependencies:
      undici-types "~5.26.4"
  
  "@types/prop-types@*":
    version "15.7.3"
    resolved "https://registry.yarnpkg.com/@types/prop-types/-/prop-types-15.7.3.tgz#2ab0d5da2e5815f94b0b9d4b95d1e5f243ab2ca7"
    integrity sha512-KfRL3PuHmqQLOG+2tGpRO26Ctg+Cq1E01D2DMriKEATHgWLfeNDmq9e29Q9WIky0dQ3NPkd1mzYH8Lm936Z9qw==
  
  "@types/react@*", "@types/react@^18.2.33":
    version "18.2.33"
    resolved "https://registry.yarnpkg.com/@types/react/-/react-18.2.33.tgz#055356243dc4350a9ee6c6a2c07c5cae12e38877"
    integrity sha512-v+I7S+hu3PIBoVkKGpSYYpiBT1ijqEzWpzQD62/jm4K74hPpSP7FF9BnKG6+fg2+62weJYkkBWDJlZt5JO/9hg==
    dependencies:
      "@types/prop-types" "*"
      "@types/scheduler" "*"
      csstype "^3.0.2"
  
  "@types/scheduler@*":
    version "0.16.1"
    resolved "https://registry.yarnpkg.com/@types/scheduler/-/scheduler-0.16.1.tgz#18845205e86ff0038517aab7a18a62a6b9f71275"
    integrity sha512-EaCxbanVeyxDRTQBkdLb3Bvl/HK7PBK6UJjsSixB0iHKoWxE5uu2Q/DgtpOhPIojN0Zl1whvOd7PoHs2P0s5eA==
  
  "@types/styled-components@^5.1.29":
    version "5.1.29"
    resolved "https://registry.yarnpkg.com/@types/styled-components/-/styled-components-5.1.29.tgz#a483d7829b972233455f1500930d6a7d30aa328e"
    integrity sha512-5h/ah9PAblggQ6Laa4peplT4iY5ddA8qM1LMD4HzwToUWs3hftfy0fayeRgbtH1JZUdw5CCaowmz7Lnb8SjIxQ==
    dependencies:
      "@types/hoist-non-react-statics" "*"
      "@types/react" "*"
      csstype "^3.0.2"
  
  "@types/stylis@^4.0.2":
    version "4.2.2"
    resolved "https://registry.yarnpkg.com/@types/stylis/-/stylis-4.2.2.tgz#baabb6b3aa6787e90a6bd6cd75cd8fb9a4f256a3"
    integrity sha512-Rm17MsTpQQP5Jq4BF7CdrxJsDufoiL/q5IbJZYZmOZAJALyijgF7BzLgobXUqraNcQdqFYLYGeglDp6QzaxPpg==
  
  babel-plugin-styled-components@^2.1.4:
    version "2.1.4"
    resolved "https://registry.yarnpkg.com/babel-plugin-styled-components/-/babel-plugin-styled-components-2.1.4.tgz#9a1f37c7f32ef927b4b008b529feb4a2c82b1092"
    integrity sha512-Xgp9g+A/cG47sUyRwwYxGM4bR/jDRg5N6it/8+HxCnbT5XNKSKDT9xm4oag/osgqjC2It/vH0yXsomOG6k558g==
    dependencies:
      "@babel/helper-annotate-as-pure" "^7.22.5"
      "@babel/helper-module-imports" "^7.22.5"
      "@babel/plugin-syntax-jsx" "^7.22.5"
      lodash "^4.17.21"
      picomatch "^2.3.1"
  
  busboy@1.6.0:
    version "1.6.0"
    resolved "https://registry.yarnpkg.com/busboy/-/busboy-1.6.0.tgz#966ea36a9502e43cdb9146962523b92f531f6893"
    integrity sha512-8SFQbg/0hQ9xy3UNTB0YEnsNBbWfhf7RtnzpL7TkBiTBRfrQ9Fxcnz7VJsleJpyp6rVLvXiuORqjlHi5q+PYuA==
    dependencies:
      streamsearch "^1.1.0"
  
  camelize@^1.0.0:
    version "1.0.1"
    resolved "https://registry.yarnpkg.com/camelize/-/camelize-1.0.1.tgz#89b7e16884056331a35d6b5ad064332c91daa6c3"
    integrity sha512-dU+Tx2fsypxTgtLoE36npi3UqcjSSMNYfkqgmoEhtZrraP5VWq0K7FkWVTYa8eMPtnU/G2txVsfdCJTn9uzpuQ==
  
  caniuse-lite@^1.0.30001406:
    version "1.0.30001559"
    resolved "https://registry.yarnpkg.com/caniuse-lite/-/caniuse-lite-1.0.30001559.tgz#95a982440d3d314c471db68d02664fb7536c5a30"
    integrity sha512-cPiMKZgqgkg5LY3/ntGeLFUpi6tzddBNS58A4tnTgQw1zON7u2sZMU7SzOeVH4tj20++9ggL+V6FDOFMTaFFYA==
  
  client-only@0.0.1:
    version "0.0.1"
    resolved "https://registry.yarnpkg.com/client-only/-/client-only-0.0.1.tgz#38bba5d403c41ab150bff64a95c85013cf73bca1"
    integrity sha512-IV3Ou0jSMzZrd3pZ48nLkT9DA7Ag1pnPzaiQhpW7c3RbcqqzvzzVu+L8gfqMp/8IM2MQtSiqaCxrrcfu8I8rMA==
  
  cookie@^0.4.1:
    version "0.4.1"
    resolved "https://registry.yarnpkg.com/cookie/-/cookie-0.4.1.tgz#afd713fe26ebd21ba95ceb61f9a8116e50a537d1"
    integrity sha512-ZwrFkGJxUR3EIoXtO+yVE69Eb7KlixbaeAWfBQB9vVsNn/o+Yw69gBWSSDK825hQNdN+wF8zELf3dFNl/kxkUA==
  
  css-color-keywords@^1.0.0:
    version "1.0.0"
    resolved "https://registry.yarnpkg.com/css-color-keywords/-/css-color-keywords-1.0.0.tgz#fea2616dc676b2962686b3af8dbdbe180b244e05"
    integrity sha512-FyyrDHZKEjXDpNJYvVsV960FiqQyXc/LlYmsxl2BcdMb2WPx0OGRVgTg55rPSyLSNMqP52R9r8geSp7apN3Ofg==
  
  css-to-react-native@^3.2.0:
    version "3.2.0"
    resolved "https://registry.yarnpkg.com/css-to-react-native/-/css-to-react-native-3.2.0.tgz#cdd8099f71024e149e4f6fe17a7d46ecd55f1e32"
    integrity sha512-e8RKaLXMOFii+02mOlqwjbD00KSEKqblnpO9e++1aXS1fPQOpS1YoqdVHBqPjHNoxeF2mimzVqawm2KCbEdtHQ==
    dependencies:
      camelize "^1.0.0"
      css-color-keywords "^1.0.0"
      postcss-value-parser "^4.0.2"
  
  csstype@^3.0.2:
    version "3.0.8"
    resolved "https://registry.yarnpkg.com/csstype/-/csstype-3.0.8.tgz#d2266a792729fb227cd216fb572f43728e1ad340"
    integrity sha512-jXKhWqXPmlUeoQnF/EhTtTl4C9SnrxSH/jZUih3jmO6lBKr99rP3/+FmrMj4EFpOXzMtXHAZkd3x0E6h6Fgflw==
  
  csstype@^3.1.2:
    version "3.1.2"
    resolved "https://registry.yarnpkg.com/csstype/-/csstype-3.1.2.tgz#1d4bf9d572f11c14031f0436e1c10bc1f571f50b"
    integrity sha512-I7K1Uu0MBPzaFKg4nI5Q7Vs2t+3gWWW648spaF+Rg7pI9ds18Ugn+lvg4SHczUdKlHI5LWBXyqfS8+DufyBsgQ==
  
  glob-to-regexp@^0.4.1:
    version "0.4.1"
    resolved "https://registry.yarnpkg.com/glob-to-regexp/-/glob-to-regexp-0.4.1.tgz#c75297087c851b9a578bd217dd59a92f59fe546e"
    integrity sha512-lkX1HJXwyMcprw/5YUZc2s7DrpAiHB21/V+E1rHUrVNokkvB6bqMzT0VfV6/86ZNabt1k14YOIaT7nDvOX3Iiw==
  
  graceful-fs@^4.1.2:
    version "4.2.11"
    resolved "https://registry.yarnpkg.com/graceful-fs/-/graceful-fs-4.2.11.tgz#4183e4e8bf08bb6e05bbb2f7d2e0c8f712ca40e3"
    integrity sha512-RbJ5/jmFcNNCcDV5o9eTnBLJ/HszWV0P73bc+Ff4nS/rJj+YaS6IGyiOL0VoBYX+l1Wrl3k63h/KrH+nhJ0XvQ==
  
  hoist-non-react-statics@^3.3.0:
    version "3.3.2"
    resolved "https://registry.yarnpkg.com/hoist-non-react-statics/-/hoist-non-react-statics-3.3.2.tgz#ece0acaf71d62c2969c2ec59feff42a4b1a85b45"
    integrity sha512-/gGivxi8JPKWNm/W0jSmzcMPpfpPLc3dY/6GxhX2hQ9iGj3aDfklV4ET7NjKpSinLpJ5vafa9iiGIEZg10SfBw==
    dependencies:
      react-is "^16.7.0"
  
  "js-tokens@^3.0.0 || ^4.0.0":
    version "4.0.0"
    resolved "https://registry.yarnpkg.com/js-tokens/-/js-tokens-4.0.0.tgz#19203fb59991df98e3a287050d4647cdeaf32499"
    integrity sha512-RdJUflcE3cUzKiMqQgsCu06FPu9UdIJO0beYbPhHN4k6apgJtifcoCtT9bcxOpYBtpD2kCM6Sbzg4CausW/PKQ==
  
  lodash@^4.17.21:
    version "4.17.21"
    resolved "https://registry.yarnpkg.com/lodash/-/lodash-4.17.21.tgz#679591c564c3bffaae8454cf0b3df370c3d6911c"
    integrity sha512-v2kDEe57lecTulaDIuNTPy3Ry4gLGJ6Z1O3vE1krgXZNrsQ+LFTGHVxVjcXPs17LhbZVGedAJv8XZ1tvj5FvSg==
  
  loose-envify@^1.1.0:
    version "1.4.0"
    resolved "https://registry.yarnpkg.com/loose-envify/-/loose-envify-1.4.0.tgz#71ee51fa7be4caec1a63839f7e682d8132d30caf"
    integrity sha512-lyuxPGr/Wfhrlem2CL/UcnUc1zcqKAImBDzukY7Y5F/yQiNdko6+fRLevlw1HgMySw7f611UIY408EtxRSoK3Q==
    dependencies:
      js-tokens "^3.0.0 || ^4.0.0"
  
  nanoid@^3.3.6:
    version "3.3.6"
    resolved "https://registry.yarnpkg.com/nanoid/-/nanoid-3.3.6.tgz#443380c856d6e9f9824267d960b4236ad583ea4c"
    integrity sha512-BGcqMMJuToF7i1rt+2PWSNVnWIkGCU78jBG3RxO/bZlnZPK2Cmi2QaffxGO/2RvWi9sL+FAiRiXMgsyxQ1DIDA==
  
  next-dark-mode@^3.0.0:
    version "3.0.0"
    resolved "https://registry.yarnpkg.com/next-dark-mode/-/next-dark-mode-3.0.0.tgz#99196f799bbb03f35e0ca9688272626e2c4bd790"
    integrity sha512-DNiKexCzNmzPuUZ9Udumo1ZOcZ7grxg1PGm72vBmjfwSW6P4Jm2WjUqaM74jb37NRflU3PjJxhmXTuaa4dFiTQ==
    dependencies:
      "@assortment/darkmodejs" "^1.2.1"
      nookies "^2.5.2"
  
  next@^14.0.1:
    version "14.0.1"
    resolved "https://registry.yarnpkg.com/next/-/next-14.0.1.tgz#1375d94c5dc7af730234af48401be270e975cb22"
    integrity sha512-s4YaLpE4b0gmb3ggtmpmV+wt+lPRuGtANzojMQ2+gmBpgX9w5fTbjsy6dXByBuENsdCX5pukZH/GxdFgO62+pA==
    dependencies:
      "@next/env" "14.0.1"
      "@swc/helpers" "0.5.2"
      busboy "1.6.0"
      caniuse-lite "^1.0.30001406"
      postcss "8.4.31"
      styled-jsx "5.1.1"
      watchpack "2.4.0"
    optionalDependencies:
      "@next/swc-darwin-arm64" "14.0.1"
      "@next/swc-darwin-x64" "14.0.1"
      "@next/swc-linux-arm64-gnu" "14.0.1"
      "@next/swc-linux-arm64-musl" "14.0.1"
      "@next/swc-linux-x64-gnu" "14.0.1"
      "@next/swc-linux-x64-musl" "14.0.1"
      "@next/swc-win32-arm64-msvc" "14.0.1"
      "@next/swc-win32-ia32-msvc" "14.0.1"
      "@next/swc-win32-x64-msvc" "14.0.1"
  
  nookies@^2.5.2:
    version "2.5.2"
    resolved "https://registry.yarnpkg.com/nookies/-/nookies-2.5.2.tgz#cc55547efa982d013a21475bd0db0c02c1b35b27"
    integrity sha512-x0TRSaosAEonNKyCrShoUaJ5rrT5KHRNZ5DwPCuizjgrnkpE5DRf3VL7AyyQin4htict92X1EQ7ejDbaHDVdYA==
    dependencies:
      cookie "^0.4.1"
      set-cookie-parser "^2.4.6"
  
  picocolors@^1.0.0:
    version "1.0.0"
    resolved "https://registry.yarnpkg.com/picocolors/-/picocolors-1.0.0.tgz#cb5bdc74ff3f51892236eaf79d68bc44564ab81c"
    integrity sha512-1fygroTLlHu66zi26VoTDv8yRgm0Fccecssto+MhsZ0D/DGW2sm8E8AjW7NU5VVTRt5GxbeZ5qBuJr+HyLYkjQ==
  
  picomatch@^2.3.1:
    version "2.3.1"
    resolved "https://registry.yarnpkg.com/picomatch/-/picomatch-2.3.1.tgz#3ba3833733646d9d3e4995946c1365a67fb07a42"
    integrity sha512-JU3teHTNjmE2VCGFzuY8EXzCDVwEqB2a8fsIvwaStHhAWJEeVd1o1QD80CU6+ZdEXXSLbSsuLwJjkCBWqRQUVA==
  
  postcss-value-parser@^4.0.2:
    version "4.2.0"
    resolved "https://registry.yarnpkg.com/postcss-value-parser/-/postcss-value-parser-4.2.0.tgz#723c09920836ba6d3e5af019f92bc0971c02e514"
    integrity sha512-1NNCs6uurfkVbeXG4S8JFT9t19m45ICnif8zWLd5oPSZ50QnwMfK+H3jv408d4jw/7Bttv5axS5IiHoLaVNHeQ==
  
  postcss@8.4.31, postcss@^8.4.31:
    version "8.4.31"
    resolved "https://registry.yarnpkg.com/postcss/-/postcss-8.4.31.tgz#92b451050a9f914da6755af352bdc0192508656d"
    integrity sha512-PS08Iboia9mts/2ygV3eLpY5ghnUcfLV/EXTOW1E2qYxJKGGBUtNjN76FYHnMs36RmARn41bC0AZmn+rR0OVpQ==
    dependencies:
      nanoid "^3.3.6"
      picocolors "^1.0.0"
      source-map-js "^1.0.2"
  
  prettier@^2.3.0:
    version "2.3.0"
    resolved "https://registry.yarnpkg.com/prettier/-/prettier-2.3.0.tgz#b6a5bf1284026ae640f17f7ff5658a7567fc0d18"
    integrity sha512-kXtO4s0Lz/DW/IJ9QdWhAf7/NmPWQXkFr/r/WkR3vyI+0v8amTDxiaQSLzs8NBlytfLWX/7uQUMIW677yLKl4w==
  
  react-dom@^18.2.0:
    version "18.2.0"
    resolved "https://registry.yarnpkg.com/react-dom/-/react-dom-18.2.0.tgz#22aaf38708db2674ed9ada224ca4aa708d821e3d"
    integrity sha512-6IMTriUmvsjHUjNtEDudZfuDQUoWXVxKHhlEGSk81n4YFS+r/Kl99wXiwlVXtPBtJenozv2P+hxDsw9eA7Xo6g==
    dependencies:
      loose-envify "^1.1.0"
      scheduler "^0.23.0"
  
  react-is@^16.7.0:
    version "16.13.1"
    resolved "https://registry.yarnpkg.com/react-is/-/react-is-16.13.1.tgz#789729a4dc36de2999dc156dd6c1d9c18cea56a4"
    integrity sha512-24e6ynE2H+OKt4kqsOvNd8kBpV65zoxbA4BVsEOB3ARVWQki/DHzaUoC5KuON/BiccDaCCTZBuOcfZs70kR8bQ==
  
  react@^18.2.0:
    version "18.2.0"
    resolved "https://registry.yarnpkg.com/react/-/react-18.2.0.tgz#555bd98592883255fa00de14f1151a917b5d77d5"
    integrity sha512-/3IjMdb2L9QbBdWiW5e3P2/npwMBaU9mHCSCUzNln0ZCYbcfTsGbTJrU/kGemdH2IWmB2ioZ+zkxtmq6g09fGQ==
    dependencies:
      loose-envify "^1.1.0"
  
  scheduler@^0.23.0:
    version "0.23.0"
    resolved "https://registry.yarnpkg.com/scheduler/-/scheduler-0.23.0.tgz#ba8041afc3d30eb206a487b6b384002e4e61fdfe"
    integrity sha512-CtuThmgHNg7zIZWAXi3AsyIzA3n4xx7aNyjwC2VJldO2LMVDhFK+63xGqq6CsJH4rTAt6/M+N4GhZiDYPx9eUw==
    dependencies:
      loose-envify "^1.1.0"
  
  set-cookie-parser@^2.4.6:
    version "2.4.8"
    resolved "https://registry.yarnpkg.com/set-cookie-parser/-/set-cookie-parser-2.4.8.tgz#d0da0ed388bc8f24e706a391f9c9e252a13c58b2"
    integrity sha512-edRH8mBKEWNVIVMKejNnuJxleqYE/ZSdcT8/Nem9/mmosx12pctd80s2Oy00KNZzrogMZS5mauK2/ymL1bvlvg==
  
  shallowequal@^1.1.0:
    version "1.1.0"
    resolved "https://registry.yarnpkg.com/shallowequal/-/shallowequal-1.1.0.tgz#188d521de95b9087404fd4dcb68b13df0ae4e7f8"
    integrity sha512-y0m1JoUZSlPAjXVtPPW70aZWfIL/dSP7AFkRnniLCrK/8MDKog3TySTBmckD+RObVxH0v4Tox67+F14PdED2oQ==
  
  source-map-js@^1.0.2:
    version "1.0.2"
    resolved "https://registry.yarnpkg.com/source-map-js/-/source-map-js-1.0.2.tgz#adbc361d9c62df380125e7f161f71c826f1e490c"
    integrity sha512-R0XvVJ9WusLiqTCEiGCmICCMplcCkIwwR11mOSD9CR5u+IXYdiseeEuXCVAjS54zqwkLcPNnmU4OeJ6tUrWhDw==
  
  streamsearch@^1.1.0:
    version "1.1.0"
    resolved "https://registry.yarnpkg.com/streamsearch/-/streamsearch-1.1.0.tgz#404dd1e2247ca94af554e841a8ef0eaa238da764"
    integrity sha512-Mcc5wHehp9aXz1ax6bZUyY5afg9u2rv5cqQI3mRrYkGC8rW2hM02jWuwjtL++LS5qinSyhj2QfLyNsuc+VsExg==
  
  styled-components@^6.1.0:
    version "6.1.0"
    resolved "https://registry.yarnpkg.com/styled-components/-/styled-components-6.1.0.tgz#228e3ab9c1ee1daa4b0a06aae30df0ed14fda274"
    integrity sha512-VWNfYYBuXzuLS/QYEeoPgMErP26WL+dX9//rEh80B2mmlS1yRxRxuL5eax4m6ybYEUoHWlTy2XOU32767mlMkg==
    dependencies:
      "@emotion/is-prop-valid" "^1.2.1"
      "@emotion/unitless" "^0.8.0"
      "@types/stylis" "^4.0.2"
      css-to-react-native "^3.2.0"
      csstype "^3.1.2"
      postcss "^8.4.31"
      shallowequal "^1.1.0"
      stylis "^4.3.0"
      tslib "^2.5.0"
  
  styled-jsx@5.1.1:
    version "5.1.1"
    resolved "https://registry.yarnpkg.com/styled-jsx/-/styled-jsx-5.1.1.tgz#839a1c3aaacc4e735fed0781b8619ea5d0009d1f"
    integrity sha512-pW7uC1l4mBZ8ugbiZrcIsiIvVx1UmTfw7UkC3Um2tmfUq9Bhk8IiyEIPl6F8agHgjzku6j0xQEZbfA5uSgSaCw==
    dependencies:
      client-only "0.0.1"
  
  stylis@^4.3.0:
    version "4.3.0"
    resolved "https://registry.yarnpkg.com/stylis/-/stylis-4.3.0.tgz#abe305a669fc3d8777e10eefcfc73ad861c5588c"
    integrity sha512-E87pIogpwUsUwXw7dNyU4QDjdgVMy52m+XEOPEKUn161cCzWjjhPSQhByfd1CcNvrOLnXQ6OnnZDwnJrz/Z4YQ==
  
  to-fast-properties@^2.0.0:
    version "2.0.0"
    resolved "https://registry.yarnpkg.com/to-fast-properties/-/to-fast-properties-2.0.0.tgz#dc5e698cbd079265bc73e0377681a4e4e83f616e"
    integrity sha512-/OaKK0xYrs3DmxRYqL/yDc+FxFUVYhDlXMhRmv3z915w2HF1tnN1omB354j8VUGO/hbRzyD6Y3sA7v7GS/ceog==
  
  tslib@^2.4.0, tslib@^2.5.0:
    version "2.6.2"
    resolved "https://registry.yarnpkg.com/tslib/-/tslib-2.6.2.tgz#703ac29425e7b37cd6fd456e92404d46d1f3e4ae"
    integrity sha512-AEYxH93jGFPn/a2iVAwW87VuUIkR1FVUKB77NwMF7nBTDkDrrT/Hpt/IrCJ0QXhW27jTBDcf5ZY7w6RiqTMw2Q==
  
  typescript@^5.2.2:
    version "5.2.2"
    resolved "https://registry.yarnpkg.com/typescript/-/typescript-5.2.2.tgz#5ebb5e5a5b75f085f22bc3f8460fba308310fa78"
    integrity sha512-mI4WrpHsbCIcwT9cF4FZvr80QUeKvsUsUvKDoR+X/7XHQH98xYD8YHZg7ANtz2GtZt/CBq2QJ0thkGJMHfqc1w==
  
  undici-types@~5.26.4:
    version "5.26.5"
    resolved "https://registry.yarnpkg.com/undici-types/-/undici-types-5.26.5.tgz#bcd539893d00b56e964fd2657a4866b221a65617"
    integrity sha512-JlCMO+ehdEIKqlFxk6IfVoAUVmgz7cU7zD/h9XZ0qzeosSHmUJVOzSQvvYSYWXkFXC+IfLKSIffhv0sVZup6pA==
  
  watchpack@2.4.0:
    version "2.4.0"
    resolved "https://registry.yarnpkg.com/watchpack/-/watchpack-2.4.0.tgz#fa33032374962c78113f93c7f2fb4c54c9862a5d"
    integrity sha512-Lcvm7MGST/4fup+ifyKi2hjyIAwcdI4HRgtvTpIUxBRhB+RFtUh8XtDOxUfctVCnhVi+QQj49i91OyvzkJl6cg==
    dependencies:
      glob-to-regexp "^0.4.1"
      graceful-fs "^4.1.2"
